<?xml version="1.0" encoding="UTF-8"?>
<!-- Generated by org.testng.reporters.JUnitReportReporter -->
<testsuite hostname="Sudha-Pro4" failures="0" tests="3" name="com.app.test.TC_API_UserStory2" time="0.210" errors="0" timestamp="2021-08-27T15:16:23 SGT" skipped="0">
  <testcase classname="com.app.test.TC_API_UserStory2" name="test_add_multipleWorkingClassHero_valid2Inputs" time="0.074"/>
  <system-out/>
  <testcase classname="com.app.test.TC_API_UserStory2" name="test_add_multipleWorkingClassHero_valid3Inputs" time="0.052"/>
  <system-out/>
  <testcase classname="com.app.test.TC_API_UserStory2" name="test_add_multipleWorkingClassHero_valid1Inputs" time="0.084"/>
  <system-out/>
</testsuite> <!-- com.app.test.TC_API_UserStory2 -->
