<?xml version="1.0" encoding="UTF-8"?>
<!-- Generated by org.testng.reporters.JUnitReportReporter -->
<testsuite hostname="Sudha-Pro4" failures="0" tests="3" name="com.app.test.TC_API_UserStory1" time="6.707" errors="0" timestamp="2021-08-27T15:16:23 SGT" skipped="0">
  <testcase classname="com.app.test.TC_API_UserStory1" name="test_add_singleWorkingClassHero_validInputs" time="5.994"/>
  <system-out/>
  <testcase classname="com.app.test.TC_API_UserStory1" name="test_add_singleWorkingClassHero_invalidPatternBirthday" time="0.418"/>
  <system-out/>
  <testcase classname="com.app.test.TC_API_UserStory1" name="test_add_singleWorkingClassHero_invalidGender" time="0.295"/>
  <system-out/>
</testsuite> <!-- com.app.test.TC_API_UserStory1 -->
