<?xml version="1.0" encoding="UTF-8"?>
<!-- Generated by org.testng.reporters.JUnitReportReporter -->
<testsuite hostname="Sudha-Pro4" failures="0" tests="13" name="com.app.test.TC_API_UserStory4" time="4.286" errors="0" timestamp="2021-09-06T13:47:45 SGT" skipped="0">
  <testcase classname="com.app.test.TC_API_UserStory4" name="validate_TaxReliefandNatId_WorkingClassHero_FemaleAge31TaxAbove50" time="0.173"/>
  <system-out/>
  <testcase classname="com.app.test.TC_API_UserStory4" name="validate_TaxReliefandNatId_WorkingClassHero_FemaleAge31Tax1" time="0.271"/>
  <system-out/>
  <testcase classname="com.app.test.TC_API_UserStory4" name="validate_TaxReliefandNatId_WorkingClassHero_FemaleAge76" time="0.168"/>
  <system-out/>
  <testcase classname="com.app.test.TC_API_UserStory4" name="validate_TaxReliefandNatId_WorkingClassHero_FemaleAge17" time="2.228"/>
  <system-out/>
  <testcase classname="com.app.test.TC_API_UserStory4" name="validate_TaxReliefandNatId_WorkingClassHero_MaleAge18" time="0.185"/>
  <system-out/>
  <testcase classname="com.app.test.TC_API_UserStory4" name="validate_TaxReliefandNatId_WorkingClassHero_MaleAge35" time="0.121"/>
  <system-out/>
  <testcase classname="com.app.test.TC_API_UserStory4" name="validate_TaxReliefandNatId_WorkingClassHero_FemaleAge36" time="0.235"/>
  <system-out/>
  <testcase classname="com.app.test.TC_API_UserStory4" name="validate_TaxReliefandNatId_WorkingClassHero_FemaleAge51" time="0.132"/>
  <system-out/>
  <testcase classname="com.app.test.TC_API_UserStory4" name="validate_TaxReliefandNatId_WorkingClassHero_FemaleAge19" time="0.229"/>
  <system-out/>
  <testcase classname="com.app.test.TC_API_UserStory4" name="validate_TaxReliefandNatId_WorkingClassHero_MaleAge31TaxAboveZeroLessthanFifty" time="0.155"/>
  <system-out/>
  <testcase classname="com.app.test.TC_API_UserStory4" name="validate_TaxReliefandNatId_WorkingClassHero_MaleAge75" time="0.100"/>
  <system-out/>
  <testcase classname="com.app.test.TC_API_UserStory4" name="validate_TaxReliefandNatId_WorkingClassHero_MaleAge50" time="0.170"/>
  <system-out/>
  <testcase classname="com.app.test.TC_API_UserStory4" name="validate_TaxReliefandNatId_WorkingClassHeroFromExcelUpload" time="0.119"/>
  <system-out/>
</testsuite> <!-- com.app.test.TC_API_UserStory4 -->
