<?xml version="1.0" encoding="UTF-8"?>
<!-- Generated by org.testng.reporters.JUnitReportReporter -->
<testsuite hostname="Sudha-Pro4" failures="0" tests="3" name="com.app.test.TC_API_UserStory2" time="0.204" errors="0" timestamp="2021-09-06T13:47:45 SGT" skipped="0">
  <testcase classname="com.app.test.TC_API_UserStory2" name="test_add_multipleWorkingClassHero_valid2Inputs" time="0.106"/>
  <system-out/>
  <testcase classname="com.app.test.TC_API_UserStory2" name="test_add_multipleWorkingClassHero_validMoreThan3Inputs" time="0.065"/>
  <system-out/>
  <testcase classname="com.app.test.TC_API_UserStory2" name="test_add_multipleWorkingClassHero_valid1Inputs" time="0.033"/>
  <system-out/>
</testsuite> <!-- com.app.test.TC_API_UserStory2 -->
