<?xml version="1.0" encoding="UTF-8"?>
<!-- Generated by org.testng.reporters.JUnitReportReporter -->
<testsuite hostname="Sudha-Pro4" failures="0" tests="1" name="com.app.test.TC_UI_UserStory3" time="15.470" errors="0" timestamp="2021-09-06T13:47:45 SGT" skipped="0">
  <testcase classname="com.app.test.TC_UI_UserStory3" name="fileupload" time="15.470"/>
  <system-out/>
</testsuite> <!-- com.app.test.TC_UI_UserStory3 -->
