<?xml version="1.0" encoding="UTF-8"?>
<!-- Generated by org.testng.reporters.JUnitReportReporter -->
<testsuite hostname="Sudha-Pro4" failures="0" tests="4" name="com.app.test.TC_API_UserStory1" time="5.105" errors="0" timestamp="2021-09-06T13:47:45 SGT" skipped="0">
  <testcase classname="com.app.test.TC_API_UserStory1" name="test_add_singleWorkingClassHero_validInputsMale" time="0.125"/>
  <system-out/>
  <testcase classname="com.app.test.TC_API_UserStory1" name="test_add_singleWorkingClassHero_validInputsFemale" time="4.576"/>
  <system-out/>
  <testcase classname="com.app.test.TC_API_UserStory1" name="test_add_singleWorkingClassHero_invalidPatternBirthday" time="0.269"/>
  <system-out/>
  <testcase classname="com.app.test.TC_API_UserStory1" name="test_add_singleWorkingClassHero_invalidGender" time="0.135"/>
  <system-out/>
</testsuite> <!-- com.app.test.TC_API_UserStory1 -->
