<?xml version="1.0" encoding="UTF-8"?>
<!-- Generated by org.testng.reporters.JUnitReportReporter -->
<testsuite hostname="Sudha-Pro4" failures="0" tests="1" name="com.app.test.TC_API_UserStory4" time="2.483" errors="0" timestamp="2021-08-27T15:16:23 SGT" skipped="0">
  <testcase classname="com.app.test.TC_API_UserStory4" name="test_get_TaxRelief_WorkingClassHero" time="2.483"/>
  <system-out/>
</testsuite> <!-- com.app.test.TC_API_UserStory4 -->
