<?xml version="1.0" encoding="UTF-8"?>
<!-- Generated by org.testng.reporters.JUnitReportReporter -->
<testsuite hostname="Sudha-Pro4" failures="0" tests="3" name="com.app.test.TC_UI_UserStory5" time="1.497" errors="0" timestamp="2021-09-06T13:47:45 SGT" skipped="0">
  <testcase classname="com.app.test.TC_UI_UserStory5" name="verifyButtonColorIsRed" time="0.158"/>
  <system-out/>
  <testcase classname="com.app.test.TC_UI_UserStory5" name="verifyButtonTextIsDispenseNow" time="0.014"/>
  <system-out/>
  <testcase classname="com.app.test.TC_UI_UserStory5" name="verifyBtnClickRedirectsToPagewithText_Cashdispensed" time="1.325"/>
  <system-out/>
</testsuite> <!-- com.app.test.TC_UI_UserStory5 -->
