<?xml version="1.0" encoding="UTF-8"?>
<!-- Generated by org.testng.reporters.JUnitReportReporter -->
<testsuite hostname="Sudha-Pro4" failures="0" tests="1" name="com.app.test.TC_UI_UserStory3" time="14.134" errors="0" timestamp="2021-08-27T15:16:23 SGT" skipped="0">
  <testcase classname="com.app.test.TC_UI_UserStory3" name="fileupload" time="14.134"/>
  <system-out/>
</testsuite> <!-- com.app.test.TC_UI_UserStory3 -->
