<?xml version="1.0" encoding="UTF-8"?>
<!-- Generated by org.testng.reporters.JUnitReportReporter -->
<testsuite hostname="Sudha-Pro4" failures="0" tests="1" name="com.app.test.TC_UI_UserStory5" time="3.247" errors="0" timestamp="2021-08-27T15:16:23 SGT" skipped="0">
  <testcase classname="com.app.test.TC_UI_UserStory5" name="dispenseNow" time="3.247"/>
  <system-out/>
</testsuite> <!-- com.app.test.TC_UI_UserStory5 -->
